Analysis & Synthesis report for lab2
Thu Jun 29 11:18:01 2023
Quartus II 64-Bit Version 13.0.1 Build 232 06/12/2013 Service Pack 1 SJ Web Edition


---------------------
; Table of Contents ;
---------------------
  1. Legal Notice
  2. Analysis & Synthesis Summary
  3. Analysis & Synthesis Settings
  4. Parallel Compilation
  5. Analysis & Synthesis Source Files Read
  6. Analysis & Synthesis Resource Usage Summary
  7. Analysis & Synthesis Resource Utilization by Entity
  8. Analysis & Synthesis RAM Summary
  9. Analysis & Synthesis IP Cores Summary
 10. General Register Statistics
 11. Source assignments for altsyncram:altsyncram_component|altsyncram_o7i1:auto_generated
 12. Parameter Settings for User Entity Instance: altsyncram:altsyncram_component
 13. altsyncram Parameter Settings by Entity Instance
 14. Elapsed Time Per Partition
 15. Analysis & Synthesis Messages



----------------
; Legal Notice ;
----------------
Copyright (C) 1991-2013 Altera Corporation
Your use of Altera Corporation's design tools, logic functions 
and other software and tools, and its AMPP partner logic 
functions, and any output files from any of the foregoing 
(including device programming or simulation files), and any 
associated documentation or information are expressly subject 
to the terms and conditions of the Altera Program License 
Subscription Agreement, Altera MegaCore Function License 
Agreement, or other applicable license agreement, including, 
without limitation, that your use is for the sole purpose of 
programming logic devices manufactured by Altera and sold by 
Altera or its authorized distributors.  Please refer to the 
applicable agreement for further details.



+--------------------------------------------------------------------------------------+
; Analysis & Synthesis Summary                                                         ;
+------------------------------------+-------------------------------------------------+
; Analysis & Synthesis Status        ; Successful - Thu Jun 29 11:18:01 2023           ;
; Quartus II 64-Bit Version          ; 13.0.1 Build 232 06/12/2013 SP 1 SJ Web Edition ;
; Revision Name                      ; lab2                                            ;
; Top-level Entity Name              ; dataMem                                         ;
; Family                             ; Cyclone IV E                                    ;
; Total logic elements               ; 0                                               ;
;     Total combinational functions  ; 0                                               ;
;     Dedicated logic registers      ; 0                                               ;
; Total registers                    ; 0                                               ;
; Total pins                         ; 26                                              ;
; Total virtual pins                 ; 0                                               ;
; Total memory bits                  ; 2,048                                           ;
; Embedded Multiplier 9-bit elements ; 0                                               ;
; Total PLLs                         ; 0                                               ;
+------------------------------------+-------------------------------------------------+


+----------------------------------------------------------------------------------------------------------------------+
; Analysis & Synthesis Settings                                                                                        ;
+----------------------------------------------------------------------------+--------------------+--------------------+
; Option                                                                     ; Setting            ; Default Value      ;
+----------------------------------------------------------------------------+--------------------+--------------------+
; Device                                                                     ; EP4CE115F29C7      ;                    ;
; Top-level entity name                                                      ; dataMem            ; lab2               ;
; Family name                                                                ; Cyclone IV E       ; Cyclone IV GX      ;
; Use smart compilation                                                      ; Off                ; Off                ;
; Enable parallel Assembler and TimeQuest Timing Analyzer during compilation ; On                 ; On                 ;
; Enable compact report table                                                ; Off                ; Off                ;
; Restructure Multiplexers                                                   ; Auto               ; Auto               ;
; Create Debugging Nodes for IP Cores                                        ; Off                ; Off                ;
; Preserve fewer node names                                                  ; On                 ; On                 ;
; Disable OpenCore Plus hardware evaluation                                  ; Off                ; Off                ;
; Verilog Version                                                            ; Verilog_2001       ; Verilog_2001       ;
; VHDL Version                                                               ; VHDL_1993          ; VHDL_1993          ;
; State Machine Processing                                                   ; Auto               ; Auto               ;
; Safe State Machine                                                         ; Off                ; Off                ;
; Extract Verilog State Machines                                             ; On                 ; On                 ;
; Extract VHDL State Machines                                                ; On                 ; On                 ;
; Ignore Verilog initial constructs                                          ; Off                ; Off                ;
; Iteration limit for constant Verilog loops                                 ; 5000               ; 5000               ;
; Iteration limit for non-constant Verilog loops                             ; 250                ; 250                ;
; Add Pass-Through Logic to Inferred RAMs                                    ; On                 ; On                 ;
; Infer RAMs from Raw Logic                                                  ; On                 ; On                 ;
; Parallel Synthesis                                                         ; On                 ; On                 ;
; DSP Block Balancing                                                        ; Auto               ; Auto               ;
; NOT Gate Push-Back                                                         ; On                 ; On                 ;
; Power-Up Don't Care                                                        ; On                 ; On                 ;
; Remove Redundant Logic Cells                                               ; Off                ; Off                ;
; Remove Duplicate Registers                                                 ; On                 ; On                 ;
; Ignore CARRY Buffers                                                       ; Off                ; Off                ;
; Ignore CASCADE Buffers                                                     ; Off                ; Off                ;
; Ignore GLOBAL Buffers                                                      ; Off                ; Off                ;
; Ignore ROW GLOBAL Buffers                                                  ; Off                ; Off                ;
; Ignore LCELL Buffers                                                       ; Off                ; Off                ;
; Ignore SOFT Buffers                                                        ; On                 ; On                 ;
; Limit AHDL Integers to 32 Bits                                             ; Off                ; Off                ;
; Optimization Technique                                                     ; Balanced           ; Balanced           ;
; Carry Chain Length                                                         ; 70                 ; 70                 ;
; Auto Carry Chains                                                          ; On                 ; On                 ;
; Auto Open-Drain Pins                                                       ; On                 ; On                 ;
; Perform WYSIWYG Primitive Resynthesis                                      ; Off                ; Off                ;
; Auto ROM Replacement                                                       ; On                 ; On                 ;
; Auto RAM Replacement                                                       ; On                 ; On                 ;
; Auto DSP Block Replacement                                                 ; On                 ; On                 ;
; Auto Shift Register Replacement                                            ; Auto               ; Auto               ;
; Allow Shift Register Merging across Hierarchies                            ; Auto               ; Auto               ;
; Auto Clock Enable Replacement                                              ; On                 ; On                 ;
; Strict RAM Replacement                                                     ; Off                ; Off                ;
; Allow Synchronous Control Signals                                          ; On                 ; On                 ;
; Force Use of Synchronous Clear Signals                                     ; Off                ; Off                ;
; Auto RAM Block Balancing                                                   ; On                 ; On                 ;
; Auto RAM to Logic Cell Conversion                                          ; Off                ; Off                ;
; Auto Resource Sharing                                                      ; Off                ; Off                ;
; Allow Any RAM Size For Recognition                                         ; Off                ; Off                ;
; Allow Any ROM Size For Recognition                                         ; Off                ; Off                ;
; Allow Any Shift Register Size For Recognition                              ; Off                ; Off                ;
; Use LogicLock Constraints during Resource Balancing                        ; On                 ; On                 ;
; Ignore translate_off and synthesis_off directives                          ; Off                ; Off                ;
; Timing-Driven Synthesis                                                    ; On                 ; On                 ;
; Report Parameter Settings                                                  ; On                 ; On                 ;
; Report Source Assignments                                                  ; On                 ; On                 ;
; Report Connectivity Checks                                                 ; On                 ; On                 ;
; Ignore Maximum Fan-Out Assignments                                         ; Off                ; Off                ;
; Synchronization Register Chain Length                                      ; 2                  ; 2                  ;
; PowerPlay Power Optimization                                               ; Normal compilation ; Normal compilation ;
; HDL message level                                                          ; Level2             ; Level2             ;
; Suppress Register Optimization Related Messages                            ; Off                ; Off                ;
; Number of Removed Registers Reported in Synthesis Report                   ; 5000               ; 5000               ;
; Number of Swept Nodes Reported in Synthesis Report                         ; 5000               ; 5000               ;
; Number of Inverted Registers Reported in Synthesis Report                  ; 100                ; 100                ;
; Clock MUX Protection                                                       ; On                 ; On                 ;
; Auto Gated Clock Conversion                                                ; Off                ; Off                ;
; Block Design Naming                                                        ; Auto               ; Auto               ;
; SDC constraint protection                                                  ; Off                ; Off                ;
; Synthesis Effort                                                           ; Auto               ; Auto               ;
; Shift Register Replacement - Allow Asynchronous Clear Signal               ; On                 ; On                 ;
; Pre-Mapping Resynthesis Optimization                                       ; Off                ; Off                ;
; Analysis & Synthesis Message Level                                         ; Medium             ; Medium             ;
; Disable Register Merging Across Hierarchies                                ; Auto               ; Auto               ;
; Resource Aware Inference For Block RAM                                     ; On                 ; On                 ;
; Synthesis Seed                                                             ; 1                  ; 1                  ;
+----------------------------------------------------------------------------+--------------------+--------------------+


Parallel compilation was disabled, but you have multiple processors available. Enable parallel compilation to reduce compilation time.
+-------------------------------------+
; Parallel Compilation                ;
+----------------------------+--------+
; Processors                 ; Number ;
+----------------------------+--------+
; Number detected on machine ; 8      ;
; Maximum allowed            ; 1      ;
+----------------------------+--------+


+---------------------------------------------------------------------------------------------------------------------------------------------------------------------------------+
; Analysis & Synthesis Source Files Read                                                                                                                                          ;
+----------------------------------+-----------------+----------------------------------------+-------------------------------------------------------------------------+---------+
; File Name with User-Entered Path ; Used in Netlist ; File Type                              ; File Name with Absolute Path                                            ; Library ;
+----------------------------------+-----------------+----------------------------------------+-------------------------------------------------------------------------+---------+
; Work/dataMem.vhd                 ; yes             ; User Wizard-Generated File             ; C:/1-School/CEG-3156-Lab2/Work/dataMem.vhd                              ;         ;
; altsyncram.tdf                   ; yes             ; Megafunction                           ; c:/altera/13.0sp1/quartus/libraries/megafunctions/altsyncram.tdf        ;         ;
; stratix_ram_block.inc            ; yes             ; Megafunction                           ; c:/altera/13.0sp1/quartus/libraries/megafunctions/stratix_ram_block.inc ;         ;
; lpm_mux.inc                      ; yes             ; Megafunction                           ; c:/altera/13.0sp1/quartus/libraries/megafunctions/lpm_mux.inc           ;         ;
; lpm_decode.inc                   ; yes             ; Megafunction                           ; c:/altera/13.0sp1/quartus/libraries/megafunctions/lpm_decode.inc        ;         ;
; aglobal130.inc                   ; yes             ; Megafunction                           ; c:/altera/13.0sp1/quartus/libraries/megafunctions/aglobal130.inc        ;         ;
; a_rdenreg.inc                    ; yes             ; Megafunction                           ; c:/altera/13.0sp1/quartus/libraries/megafunctions/a_rdenreg.inc         ;         ;
; altrom.inc                       ; yes             ; Megafunction                           ; c:/altera/13.0sp1/quartus/libraries/megafunctions/altrom.inc            ;         ;
; altram.inc                       ; yes             ; Megafunction                           ; c:/altera/13.0sp1/quartus/libraries/megafunctions/altram.inc            ;         ;
; altdpram.inc                     ; yes             ; Megafunction                           ; c:/altera/13.0sp1/quartus/libraries/megafunctions/altdpram.inc          ;         ;
; db/altsyncram_o7i1.tdf           ; yes             ; Auto-Generated Megafunction            ; C:/1-School/CEG-3156-Lab2/db/altsyncram_o7i1.tdf                        ;         ;
; ../MIFs/memTest.mif              ; yes             ; Auto-Found Memory Initialization File  ; C:/1-School/CEG-3156-Lab2/MIFs/memTest.mif                              ;         ;
+----------------------------------+-----------------+----------------------------------------+-------------------------------------------------------------------------+---------+


+----------------------------------------------------------+
; Analysis & Synthesis Resource Usage Summary              ;
+---------------------------------------------+------------+
; Resource                                    ; Usage      ;
+---------------------------------------------+------------+
;                                             ;            ;
; Total combinational functions               ; 0          ;
; Logic element usage by number of LUT inputs ;            ;
;     -- 4 input functions                    ; 0          ;
;     -- 3 input functions                    ; 0          ;
;     -- <=2 input functions                  ; 0          ;
;                                             ;            ;
; Logic elements by mode                      ;            ;
;     -- normal mode                          ; 0          ;
;     -- arithmetic mode                      ; 0          ;
;                                             ;            ;
; Total registers                             ; 0          ;
;     -- Dedicated logic registers            ; 0          ;
;     -- I/O registers                        ; 0          ;
;                                             ;            ;
; I/O pins                                    ; 26         ;
; Total memory bits                           ; 2048       ;
; Embedded Multiplier 9-bit elements          ; 0          ;
; Maximum fan-out node                        ; wren~input ;
; Maximum fan-out                             ; 8          ;
; Total fan-out                               ; 122        ;
; Average fan-out                             ; 2.03       ;
+---------------------------------------------+------------+


+---------------------------------------------------------------------------------------------------------------------------------------------------------------------------------------------------------------------------------------------+
; Analysis & Synthesis Resource Utilization by Entity                                                                                                                                                                                         ;
+----------------------------------------+-------------------+--------------+-------------+--------------+---------+-----------+------+--------------+-------------------------------------------------------------------------+--------------+
; Compilation Hierarchy Node             ; LC Combinationals ; LC Registers ; Memory Bits ; DSP Elements ; DSP 9x9 ; DSP 18x18 ; Pins ; Virtual Pins ; Full Hierarchy Name                                                     ; Library Name ;
+----------------------------------------+-------------------+--------------+-------------+--------------+---------+-----------+------+--------------+-------------------------------------------------------------------------+--------------+
; |dataMem                               ; 0 (0)             ; 0 (0)        ; 2048        ; 0            ; 0       ; 0         ; 26   ; 0            ; |dataMem                                                                ; work         ;
;    |altsyncram:altsyncram_component|   ; 0 (0)             ; 0 (0)        ; 2048        ; 0            ; 0       ; 0         ; 0    ; 0            ; |dataMem|altsyncram:altsyncram_component                                ; work         ;
;       |altsyncram_o7i1:auto_generated| ; 0 (0)             ; 0 (0)        ; 2048        ; 0            ; 0       ; 0         ; 0    ; 0            ; |dataMem|altsyncram:altsyncram_component|altsyncram_o7i1:auto_generated ; work         ;
+----------------------------------------+-------------------+--------------+-------------+--------------+---------+-----------+------+--------------+-------------------------------------------------------------------------+--------------+
Note: For table entries with two numbers listed, the numbers in parentheses indicate the number of resources of the given type used by the specific entity alone. The numbers listed outside of parentheses indicate the total resources of the given type used by the specific entity and all of its sub-entities in the hierarchy.


+-----------------------------------------------------------------------------------------------------------------------------------------------------------------------------------------+
; Analysis & Synthesis RAM Summary                                                                                                                                                        ;
+---------------------------------------------------------------------------+------+-------------+--------------+--------------+--------------+--------------+------+---------------------+
; Name                                                                      ; Type ; Mode        ; Port A Depth ; Port A Width ; Port B Depth ; Port B Width ; Size ; MIF                 ;
+---------------------------------------------------------------------------+------+-------------+--------------+--------------+--------------+--------------+------+---------------------+
; altsyncram:altsyncram_component|altsyncram_o7i1:auto_generated|ALTSYNCRAM ; AUTO ; Single Port ; 256          ; 8            ; --           ; --           ; 2048 ; ../MIFs/memTest.mif ;
+---------------------------------------------------------------------------+------+-------------+--------------+--------------+--------------+--------------+------+---------------------+


+------------------------------------------------------------------------------------------------------------------------------+
; Analysis & Synthesis IP Cores Summary                                                                                        ;
+--------+--------------+---------+--------------+--------------+-----------------+--------------------------------------------+
; Vendor ; IP Core Name ; Version ; Release Date ; License Type ; Entity Instance ; IP Include File                            ;
+--------+--------------+---------+--------------+--------------+-----------------+--------------------------------------------+
; Altera ; RAM: 1-PORT  ; 13.0    ; N/A          ; N/A          ; |dataMem        ; C:/1-School/CEG-3156-Lab2/Work/dataMem.vhd ;
+--------+--------------+---------+--------------+--------------+-----------------+--------------------------------------------+


+------------------------------------------------------+
; General Register Statistics                          ;
+----------------------------------------------+-------+
; Statistic                                    ; Value ;
+----------------------------------------------+-------+
; Total registers                              ; 0     ;
; Number of registers using Synchronous Clear  ; 0     ;
; Number of registers using Synchronous Load   ; 0     ;
; Number of registers using Asynchronous Clear ; 0     ;
; Number of registers using Asynchronous Load  ; 0     ;
; Number of registers using Clock Enable       ; 0     ;
; Number of registers using Preset             ; 0     ;
+----------------------------------------------+-------+


+---------------------------------------------------------------------------------------+
; Source assignments for altsyncram:altsyncram_component|altsyncram_o7i1:auto_generated ;
+---------------------------------+--------------------+------+-------------------------+
; Assignment                      ; Value              ; From ; To                      ;
+---------------------------------+--------------------+------+-------------------------+
; OPTIMIZE_POWER_DURING_SYNTHESIS ; NORMAL_COMPILATION ; -    ; -                       ;
+---------------------------------+--------------------+------+-------------------------+


+------------------------------------------------------------------------------+
; Parameter Settings for User Entity Instance: altsyncram:altsyncram_component ;
+------------------------------------+----------------------+------------------+
; Parameter Name                     ; Value                ; Type             ;
+------------------------------------+----------------------+------------------+
; BYTE_SIZE_BLOCK                    ; 8                    ; Untyped          ;
; AUTO_CARRY_CHAINS                  ; ON                   ; AUTO_CARRY       ;
; IGNORE_CARRY_BUFFERS               ; OFF                  ; IGNORE_CARRY     ;
; AUTO_CASCADE_CHAINS                ; ON                   ; AUTO_CASCADE     ;
; IGNORE_CASCADE_BUFFERS             ; OFF                  ; IGNORE_CASCADE   ;
; WIDTH_BYTEENA                      ; 1                    ; Untyped          ;
; OPERATION_MODE                     ; SINGLE_PORT          ; Untyped          ;
; WIDTH_A                            ; 8                    ; Signed Integer   ;
; WIDTHAD_A                          ; 8                    ; Signed Integer   ;
; NUMWORDS_A                         ; 256                  ; Signed Integer   ;
; OUTDATA_REG_A                      ; CLOCK0               ; Untyped          ;
; ADDRESS_ACLR_A                     ; NONE                 ; Untyped          ;
; OUTDATA_ACLR_A                     ; NONE                 ; Untyped          ;
; WRCONTROL_ACLR_A                   ; NONE                 ; Untyped          ;
; INDATA_ACLR_A                      ; NONE                 ; Untyped          ;
; BYTEENA_ACLR_A                     ; NONE                 ; Untyped          ;
; WIDTH_B                            ; 1                    ; Untyped          ;
; WIDTHAD_B                          ; 1                    ; Untyped          ;
; NUMWORDS_B                         ; 1                    ; Untyped          ;
; INDATA_REG_B                       ; CLOCK1               ; Untyped          ;
; WRCONTROL_WRADDRESS_REG_B          ; CLOCK1               ; Untyped          ;
; RDCONTROL_REG_B                    ; CLOCK1               ; Untyped          ;
; ADDRESS_REG_B                      ; CLOCK1               ; Untyped          ;
; OUTDATA_REG_B                      ; UNREGISTERED         ; Untyped          ;
; BYTEENA_REG_B                      ; CLOCK1               ; Untyped          ;
; INDATA_ACLR_B                      ; NONE                 ; Untyped          ;
; WRCONTROL_ACLR_B                   ; NONE                 ; Untyped          ;
; ADDRESS_ACLR_B                     ; NONE                 ; Untyped          ;
; OUTDATA_ACLR_B                     ; NONE                 ; Untyped          ;
; RDCONTROL_ACLR_B                   ; NONE                 ; Untyped          ;
; BYTEENA_ACLR_B                     ; NONE                 ; Untyped          ;
; WIDTH_BYTEENA_A                    ; 1                    ; Signed Integer   ;
; WIDTH_BYTEENA_B                    ; 1                    ; Untyped          ;
; RAM_BLOCK_TYPE                     ; AUTO                 ; Untyped          ;
; BYTE_SIZE                          ; 8                    ; Untyped          ;
; READ_DURING_WRITE_MODE_MIXED_PORTS ; DONT_CARE            ; Untyped          ;
; READ_DURING_WRITE_MODE_PORT_A      ; NEW_DATA_NO_NBE_READ ; Untyped          ;
; READ_DURING_WRITE_MODE_PORT_B      ; NEW_DATA_NO_NBE_READ ; Untyped          ;
; INIT_FILE                          ; ../MIFs/memTest.mif  ; Untyped          ;
; INIT_FILE_LAYOUT                   ; PORT_A               ; Untyped          ;
; MAXIMUM_DEPTH                      ; 0                    ; Untyped          ;
; CLOCK_ENABLE_INPUT_A               ; BYPASS               ; Untyped          ;
; CLOCK_ENABLE_INPUT_B               ; NORMAL               ; Untyped          ;
; CLOCK_ENABLE_OUTPUT_A              ; BYPASS               ; Untyped          ;
; CLOCK_ENABLE_OUTPUT_B              ; NORMAL               ; Untyped          ;
; CLOCK_ENABLE_CORE_A                ; USE_INPUT_CLKEN      ; Untyped          ;
; CLOCK_ENABLE_CORE_B                ; USE_INPUT_CLKEN      ; Untyped          ;
; ENABLE_ECC                         ; FALSE                ; Untyped          ;
; ECC_PIPELINE_STAGE_ENABLED         ; FALSE                ; Untyped          ;
; WIDTH_ECCSTATUS                    ; 3                    ; Untyped          ;
; DEVICE_FAMILY                      ; Cyclone IV E         ; Untyped          ;
; CBXI_PARAMETER                     ; altsyncram_o7i1      ; Untyped          ;
+------------------------------------+----------------------+------------------+
Note: In order to hide this table in the UI and the text report file, please set the "Show Parameter Settings in Synthesis Report" option in "Analysis and Synthesis Settings -> More Settings" to "Off".


+-----------------------------------------------------------------------------+
; altsyncram Parameter Settings by Entity Instance                            ;
+-------------------------------------------+---------------------------------+
; Name                                      ; Value                           ;
+-------------------------------------------+---------------------------------+
; Number of entity instances                ; 1                               ;
; Entity Instance                           ; altsyncram:altsyncram_component ;
;     -- OPERATION_MODE                     ; SINGLE_PORT                     ;
;     -- WIDTH_A                            ; 8                               ;
;     -- NUMWORDS_A                         ; 256                             ;
;     -- OUTDATA_REG_A                      ; CLOCK0                          ;
;     -- WIDTH_B                            ; 1                               ;
;     -- NUMWORDS_B                         ; 1                               ;
;     -- ADDRESS_REG_B                      ; CLOCK1                          ;
;     -- OUTDATA_REG_B                      ; UNREGISTERED                    ;
;     -- RAM_BLOCK_TYPE                     ; AUTO                            ;
;     -- READ_DURING_WRITE_MODE_MIXED_PORTS ; DONT_CARE                       ;
+-------------------------------------------+---------------------------------+


+-------------------------------+
; Elapsed Time Per Partition    ;
+----------------+--------------+
; Partition Name ; Elapsed Time ;
+----------------+--------------+
; Top            ; 00:00:00     ;
+----------------+--------------+


+-------------------------------+
; Analysis & Synthesis Messages ;
+-------------------------------+
Info: *******************************************************************
Info: Running Quartus II 64-Bit Analysis & Synthesis
    Info: Version 13.0.1 Build 232 06/12/2013 Service Pack 1 SJ Web Edition
    Info: Processing started: Thu Jun 29 11:17:59 2023
Info: Command: quartus_map --read_settings_files=on --write_settings_files=off lab2 -c lab2
Warning (20028): Parallel compilation is not licensed and has been disabled
Info (12021): Found 2 design units, including 1 entities, in source file work/instrmem.vhd
    Info (12022): Found design unit 1: instrmem-SYN
    Info (12023): Found entity 1: instrMem
Info (12021): Found 2 design units, including 1 entities, in source file work/three_to_eight_decoder.vhd
    Info (12022): Found design unit 1: three_to_eight_decoder-rtl
    Info (12023): Found entity 1: three_to_eight_decoder
Info (12021): Found 2 design units, including 1 entities, in source file work/registerfile.vhd
    Info (12022): Found design unit 1: registerFile-rtl
    Info (12023): Found entity 1: registerFile
Info (12021): Found 2 design units, including 1 entities, in source file work/onebit8to1mux.vhd
    Info (12022): Found design unit 1: oneBit8to1Mux-rtl
    Info (12023): Found entity 1: oneBit8to1Mux
Info (12021): Found 2 design units, including 1 entities, in source file work/onebit5to1mux.vhd
    Info (12022): Found design unit 1: oneBit5to1Mux-rtl
    Info (12023): Found entity 1: oneBit5to1Mux
Info (12021): Found 2 design units, including 1 entities, in source file work/eightbitregister.vhd
    Info (12022): Found design unit 1: eightBitRegister-rtl
    Info (12023): Found entity 1: eightBitRegister
Info (12021): Found 2 design units, including 1 entities, in source file work/eightbitcomparator.vhd
    Info (12022): Found design unit 1: eightBitComparator-rtl
    Info (12023): Found entity 1: eightBitComparator
Info (12021): Found 2 design units, including 1 entities, in source file work/eightbitaddsub.vhd
    Info (12022): Found design unit 1: eightBitAddSub-rtl
    Info (12023): Found entity 1: eightBitAddSub
Info (12021): Found 2 design units, including 1 entities, in source file work/eightbit8to1mux.vhd
    Info (12022): Found design unit 1: eightBit8to1Mux-rtl
    Info (12023): Found entity 1: eightBit8to1Mux
Info (12021): Found 2 design units, including 1 entities, in source file work/eightbit5to1mux.vhd
    Info (12022): Found design unit 1: eightBit5to1Mux-rtl
    Info (12023): Found entity 1: eightBit5to1Mux
Info (12021): Found 2 design units, including 1 entities, in source file work/aluctrlunit.vhd
    Info (12022): Found design unit 1: ALUCtrlUnit-struct
    Info (12023): Found entity 1: ALUCtrlUnit
Info (12021): Found 2 design units, including 1 entities, in source file work/alucontrolunit.vhd
    Info (12022): Found design unit 1: ALUControlUnit-rtl
    Info (12023): Found entity 1: ALUControlUnit
Info (12021): Found 2 design units, including 1 entities, in source file work/alu.vhd
    Info (12022): Found design unit 1: alu-rtl
    Info (12023): Found entity 1: alu
Info (12021): Found 2 design units, including 1 entities, in source file testbenches/tb_controllogicunit.vhd
    Info (12022): Found design unit 1: tb_controlLogicUnit-testbench
    Info (12023): Found entity 1: tb_controlLogicUnit
Info (12021): Found 2 design units, including 1 entities, in source file imports/threebitshiftregister.vhd
    Info (12022): Found design unit 1: threeBitShiftRegister-rtl
    Info (12023): Found entity 1: threeBitShiftRegister
Info (12021): Found 2 design units, including 1 entities, in source file imports/threebitregister.vhd
    Info (12022): Found design unit 1: threeBitRegister-rtl
    Info (12023): Found entity 1: threeBitRegister
Info (12021): Found 2 design units, including 1 entities, in source file imports/threebitcomparator.vhd
    Info (12022): Found design unit 1: threeBitComparator-rtl
    Info (12023): Found entity 1: threeBitComparator
Info (12021): Found 2 design units, including 1 entities, in source file imports/threebitadder.vhd
    Info (12022): Found design unit 1: threeBitAdder-rtl
    Info (12023): Found entity 1: threeBitAdder
Info (12021): Found 2 design units, including 1 entities, in source file imports/tff_2.vhd
    Info (12022): Found design unit 1: tFF_2-rtl
    Info (12023): Found entity 1: tFF_2
Info (12021): Found 2 design units, including 1 entities, in source file imports/srlatch.vhd
    Info (12022): Found design unit 1: srLatch-rtl
    Info (12023): Found entity 1: srLatch
Info (12021): Found 2 design units, including 1 entities, in source file imports/sbarrbarlatch.vhd
    Info (12022): Found design unit 1: sBarrBarLatch-rtl
    Info (12023): Found entity 1: sBarrBarLatch
Info (12021): Found 2 design units, including 1 entities, in source file imports/onebitcomparator.vhd
    Info (12022): Found design unit 1: oneBitComparator-rtl
    Info (12023): Found entity 1: oneBitComparator
Info (12021): Found 2 design units, including 1 entities, in source file imports/onebitadder.vhd
    Info (12022): Found design unit 1: oneBitAdder-rtl
    Info (12023): Found entity 1: oneBitAdder
Info (12021): Found 2 design units, including 1 entities, in source file imports/jkff_2.vhd
    Info (12022): Found design unit 1: jkFF_2-rtl
    Info (12023): Found entity 1: jkFF_2
Info (12021): Found 2 design units, including 1 entities, in source file imports/endff_2.vhd
    Info (12022): Found design unit 1: endFF_2-rtl
    Info (12023): Found entity 1: endFF_2
Info (12021): Found 2 design units, including 1 entities, in source file imports/enardff_2.vhd
    Info (12022): Found design unit 1: enARdFF_2-rtl
    Info (12023): Found entity 1: enARdFF_2
Info (12021): Found 2 design units, including 1 entities, in source file imports/enabledsrlatch.vhd
    Info (12022): Found design unit 1: enabledSRLatch-rtl
    Info (12023): Found entity 1: enabledSRLatch
Info (12021): Found 2 design units, including 1 entities, in source file imports/dff_2.vhd
    Info (12022): Found design unit 1: dFF_2-rtl
    Info (12023): Found entity 1: dFF_2
Info (12021): Found 2 design units, including 1 entities, in source file imports/counter.vhd
    Info (12022): Found design unit 1: counter-rtl
    Info (12023): Found entity 1: counter
Info (12021): Found 2 design units, including 1 entities, in source file work/controllogicunit.vhd
    Info (12022): Found design unit 1: controlLogicUnit-rtl
    Info (12023): Found entity 1: controlLogicUnit
Info (12021): Found 2 design units, including 1 entities, in source file work/eightbitadder.vhd
    Info (12022): Found design unit 1: eightBitAdder-rtl
    Info (12023): Found entity 1: eightBitAdder
Info (12021): Found 2 design units, including 1 entities, in source file work/thirtytwobitadder.vhd
    Info (12022): Found design unit 1: thirtyTwoBitAdder-rtl
    Info (12023): Found entity 1: thirtyTwoBitAdder
Info (12021): Found 2 design units, including 1 entities, in source file work/datamem.vhd
    Info (12022): Found design unit 1: datamem-SYN
    Info (12023): Found entity 1: dataMem
Info (12127): Elaborating entity "dataMem" for the top level hierarchy
Info (12128): Elaborating entity "altsyncram" for hierarchy "altsyncram:altsyncram_component"
Info (12130): Elaborated megafunction instantiation "altsyncram:altsyncram_component"
Info (12133): Instantiated megafunction "altsyncram:altsyncram_component" with the following parameter:
    Info (12134): Parameter "clock_enable_input_a" = "BYPASS"
    Info (12134): Parameter "clock_enable_output_a" = "BYPASS"
    Info (12134): Parameter "init_file" = "../MIFs/memTest.mif"
    Info (12134): Parameter "intended_device_family" = "Cyclone IV E"
    Info (12134): Parameter "lpm_hint" = "ENABLE_RUNTIME_MOD=NO"
    Info (12134): Parameter "lpm_type" = "altsyncram"
    Info (12134): Parameter "numwords_a" = "256"
    Info (12134): Parameter "operation_mode" = "SINGLE_PORT"
    Info (12134): Parameter "outdata_aclr_a" = "NONE"
    Info (12134): Parameter "outdata_reg_a" = "CLOCK0"
    Info (12134): Parameter "power_up_uninitialized" = "FALSE"
    Info (12134): Parameter "read_during_write_mode_port_a" = "NEW_DATA_NO_NBE_READ"
    Info (12134): Parameter "widthad_a" = "8"
    Info (12134): Parameter "width_a" = "8"
    Info (12134): Parameter "width_byteena_a" = "1"
Info (12021): Found 1 design units, including 1 entities, in source file db/altsyncram_o7i1.tdf
    Info (12023): Found entity 1: altsyncram_o7i1
Info (12128): Elaborating entity "altsyncram_o7i1" for hierarchy "altsyncram:altsyncram_component|altsyncram_o7i1:auto_generated"
Warning (113018): Width of data items in "memTest.mif" is greater than the memory width. Truncating data items to fit in memory.
Warning (113031): 6 out of 256 addresses are reinitialized. The latest initialized data will replace the existing data. There are 6 warnings found, and 6 warnings are reported.
    Warning (113030): Memory Initialization File address 0 is reinitialized
    Warning (113030): Memory Initialization File address 4 is reinitialized
    Warning (113030): Memory Initialization File address 8 is reinitialized
    Warning (113030): Memory Initialization File address 12 is reinitialized
    Warning (113030): Memory Initialization File address 16 is reinitialized
    Warning (113030): Memory Initialization File address 20 is reinitialized
Info (16010): Generating hard_block partition "hard_block:auto_generated_inst"
    Info (16011): Adding 0 node(s), including 0 DDIO, 0 PLL, 0 transceiver and 0 LCELL
Info (21057): Implemented 34 device resources after synthesis - the final resource count might be different
    Info (21058): Implemented 18 input pins
    Info (21059): Implemented 8 output pins
    Info (21064): Implemented 8 RAM segments
Info: Quartus II 64-Bit Analysis & Synthesis was successful. 0 errors, 9 warnings
    Info: Peak virtual memory: 4647 megabytes
    Info: Processing ended: Thu Jun 29 11:18:01 2023
    Info: Elapsed time: 00:00:02
    Info: Total CPU time (on all processors): 00:00:01


